0 info it worked if it ends with ok
1 verbose cli [ '/usr/local/bin/node', '/usr/local/bin/npm', 'start' ]
2 info using npm@1.1.62
3 info using node@v0.8.11
4 verbose read json /home/mint1/work/git/tactile/package.json
5 verbose run-script [ 'prestart', 'start', 'poststart' ]
6 info prestart Tactile@0.0.9
7 info start Tactile@0.0.9
8 verbose unsafe-perm in lifecycle true
9 silly exec sh "-c" "node test/watcher.js"
10 silly sh,-c,node test/watcher.js,/home/mint1/work/git/tactile spawning
11 info Tactile@0.0.9 Failed to exec start script
12 error Tactile@0.0.9 start: `node test/watcher.js`
12 error `sh "-c" "node test/watcher.js"` failed with 1
13 error Failed at the Tactile@0.0.9 start script.
13 error This is most likely a problem with the Tactile package,
13 error not with npm itself.
13 error Tell the author that this fails on your system:
13 error     node test/watcher.js
13 error You can get their info via:
13 error     npm owner ls Tactile
13 error There is likely additional logging output above.
14 error System Linux 3.2.0-23-generic
15 error command "/usr/local/bin/node" "/usr/local/bin/npm" "start"
16 error cwd /home/mint1/work/git/tactile
17 error node -v v0.8.11
18 error npm -v 1.1.62
19 error code ELIFECYCLE
20 verbose exit [ 1, true ]
